0 info it worked if it ends with ok
1 verbose cli [ 'C:\\Program Files\\nodejs\\node.exe',
1 verbose cli   'C:\\Program Files\\nodejs\\node_modules\\npm\\bin\\npm-cli.js',
1 verbose cli   'start' ]
2 info using npm@3.10.10
3 info using node@v6.11.3
4 verbose run-script [ 'prestart', 'start', 'poststart' ]
5 info lifecycle phrazes@0.0.1~prestart: phrazes@0.0.1
6 silly lifecycle phrazes@0.0.1~prestart: no script for prestart, continuing
7 info lifecycle phrazes@0.0.1~start: phrazes@0.0.1
8 verbose lifecycle phrazes@0.0.1~start: unsafe-perm in lifecycle true
9 verbose lifecycle phrazes@0.0.1~start: PATH: C:\Program Files\nodejs\node_modules\npm\bin\node-gyp-bin;C:\Users\C\desktop\personalprojects\phrazes\node_modules\.bin;C:\Users\C\bin;C:\Program Files\Git\mingw64\bin;C:\Program Files\Git\usr\local\bin;C:\Program Files\Git\usr\bin;C:\Program Files\Git\usr\bin;C:\Program Files\Git\mingw64\bin;C:\Program Files\Git\usr\bin;C:\Users\C\bin;C:\Perl64\site\bin;C:\Perl64\bin;C:\ProgramData\Oracle\Java\javapath;C:\Program Files\Java\jdk1.8.0_51\bin;C:\WINDOWS\system32;C:\WINDOWS;C:\WINDOWS\System32\Wbem;C:\WINDOWS\System32\WindowsPowerShell\v1.0;C:\Program Files (x86)\PharosSystems\Core;C:\Program Files\Microsoft SQL Server\130\Tools\Binn;C:\Program Files\nodejs;C:\Users\C\AppData\Local\Programs\Python\Python36-32\Scripts;C:\Users\C\AppData\Local\Programs\Python\Python36-32\Scripts;C:\Ruby24-x64\bin;C:\Users\C\AppData\Local\Programs\Python\Python36-32\Scripts;C:\Users\C\AppData\Local\Programs\Python\Python36-32;C:\Users\C\AppData\Local\Microsoft\WindowsApps;C:\Program Files (x86)\SSH Communications Security\SSH Secure Shell;C:\Users\C\AppData\Roaming\npm;C:\Program Files\Microsoft VS Code\bin;C:\Program Files\Git\usr\bin\vendor_perl;C:\Program Files\Git\usr\bin\core_perl
10 verbose lifecycle phrazes@0.0.1~start: CWD: C:\Users\C\desktop\personalprojects\phrazes
11 silly lifecycle phrazes@0.0.1~start: Args: [ '/d /s /c', 'node ./bin/www' ]
12 silly lifecycle phrazes@0.0.1~start: Returned: code: 1  signal: null
13 info lifecycle phrazes@0.0.1~start: Failed to exec start script
14 verbose stack Error: phrazes@0.0.1 start: `node ./bin/www`
14 verbose stack Exit status 1
14 verbose stack     at EventEmitter.<anonymous> (C:\Program Files\nodejs\node_modules\npm\lib\utils\lifecycle.js:255:16)
14 verbose stack     at emitTwo (events.js:106:13)
14 verbose stack     at EventEmitter.emit (events.js:191:7)
14 verbose stack     at ChildProcess.<anonymous> (C:\Program Files\nodejs\node_modules\npm\lib\utils\spawn.js:40:14)
14 verbose stack     at emitTwo (events.js:106:13)
14 verbose stack     at ChildProcess.emit (events.js:191:7)
14 verbose stack     at maybeClose (internal/child_process.js:920:16)
14 verbose stack     at Process.ChildProcess._handle.onexit (internal/child_process.js:230:5)
15 verbose pkgid phrazes@0.0.1
16 verbose cwd C:\Users\C\desktop\personalprojects\phrazes
17 error Windows_NT 10.0.16299
18 error argv "C:\\Program Files\\nodejs\\node.exe" "C:\\Program Files\\nodejs\\node_modules\\npm\\bin\\npm-cli.js" "start"
19 error node v6.11.3
20 error npm  v3.10.10
21 error code ELIFECYCLE
22 error phrazes@0.0.1 start: `node ./bin/www`
22 error Exit status 1
23 error Failed at the phrazes@0.0.1 start script 'node ./bin/www'.
23 error Make sure you have the latest version of node.js and npm installed.
23 error If you do, this is most likely a problem with the phrazes package,
23 error not with npm itself.
23 error Tell the author that this fails on your system:
23 error     node ./bin/www
23 error You can get information on how to open an issue for this project with:
23 error     npm bugs phrazes
23 error Or if that isn't available, you can get their info via:
23 error     npm owner ls phrazes
23 error There is likely additional logging output above.
24 verbose exit [ 1, true ]
